This is pdfTeX, Version 3.14159265-2.6-1.40.19 (TeX Live 2018/W32TeX) (preloaded format=pdflatex 2018.9.2)  21 NOV 2018 19:31
entering extended mode
 restricted \write18 enabled.
 %&-line parsing enabled.
**7gRapport.tex
(./7gRapport.tex
LaTeX2e <2018-04-01> patch level 5
(c:/texlive/2018/texmf-dist/tex/latex/base/article.cls
Document Class: article 2014/09/29 v1.4h Standard LaTeX document class
(c:/texlive/2018/texmf-dist/tex/latex/base/size10.clo
File: size10.clo 2014/09/29 v1.4h Standard LaTeX file (size option)
)
\c@part=\count80
\c@section=\count81
\c@subsection=\count82
\c@subsubsection=\count83
\c@paragraph=\count84
\c@subparagraph=\count85
\c@figure=\count86
\c@table=\count87
\abovecaptionskip=\skip41
\belowcaptionskip=\skip42
\bibindent=\dimen102
)
(c:/texlive/2018/texmf-dist/tex/latex/graphics/graphicx.sty
Package: graphicx 2017/06/01 v1.1a Enhanced LaTeX Graphics (DPC,SPQR)

(c:/texlive/2018/texmf-dist/tex/latex/graphics/keyval.sty
Package: keyval 2014/10/28 v1.15 key=value parser (DPC)
\KV@toks@=\toks14
)
(c:/texlive/2018/texmf-dist/tex/latex/graphics/graphics.sty
Package: graphics 2017/06/25 v1.2c Standard LaTeX Graphics (DPC,SPQR)

(c:/texlive/2018/texmf-dist/tex/latex/graphics/trig.sty
Package: trig 2016/01/03 v1.10 sin cos tan (DPC)
)
(c:/texlive/2018/texmf-dist/tex/latex/graphics-cfg/graphics.cfg
File: graphics.cfg 2016/06/04 v1.11 sample graphics configuration
)
Package graphics Info: Driver file: pdftex.def on input line 99.

(c:/texlive/2018/texmf-dist/tex/latex/graphics-def/pdftex.def
File: pdftex.def 2018/01/08 v1.0l Graphics/color driver for pdftex
))
\Gin@req@height=\dimen103
\Gin@req@width=\dimen104
)
(c:/texlive/2018/texmf-dist/tex/latex/base/inputenc.sty
Package: inputenc 2018/04/06 v1.3b Input encoding file
\inpenc@prehook=\toks15
\inpenc@posthook=\toks16
) (./7gRapport.aux)
\openout1 = `7gRapport.aux'.

LaTeX Font Info:    Checking defaults for OML/cmm/m/it on input line 9.
LaTeX Font Info:    ... okay on input line 9.
LaTeX Font Info:    Checking defaults for T1/cmr/m/n on input line 9.
LaTeX Font Info:    ... okay on input line 9.
LaTeX Font Info:    Checking defaults for OT1/cmr/m/n on input line 9.
LaTeX Font Info:    ... okay on input line 9.
LaTeX Font Info:    Checking defaults for OMS/cmsy/m/n on input line 9.
LaTeX Font Info:    ... okay on input line 9.
LaTeX Font Info:    Checking defaults for OMX/cmex/m/n on input line 9.
LaTeX Font Info:    ... okay on input line 9.
LaTeX Font Info:    Checking defaults for U/cmr/m/n on input line 9.
LaTeX Font Info:    ... okay on input line 9.

(c:/texlive/2018/texmf-dist/tex/context/base/mkii/supp-pdf.mkii
[Loading MPS to PDF converter (version 2006.09.02).]
\scratchcounter=\count88
\scratchdimen=\dimen105
\scratchbox=\box26
\nofMPsegments=\count89
\nofMParguments=\count90
\everyMPshowfont=\toks17
\MPscratchCnt=\count91
\MPscratchDim=\dimen106
\MPnumerator=\count92
\makeMPintoPDFobject=\count93
\everyMPtoPDFconversion=\toks18
) (c:/texlive/2018/texmf-dist/tex/latex/oberdiek/epstopdf-base.sty
Package: epstopdf-base 2016/05/15 v2.6 Base part for package epstopdf

(c:/texlive/2018/texmf-dist/tex/generic/oberdiek/infwarerr.sty
Package: infwarerr 2016/05/16 v1.4 Providing info/warning/error messages (HO)
)
(c:/texlive/2018/texmf-dist/tex/latex/oberdiek/grfext.sty
Package: grfext 2016/05/16 v1.2 Manage graphics extensions (HO)

(c:/texlive/2018/texmf-dist/tex/generic/oberdiek/kvdefinekeys.sty
Package: kvdefinekeys 2016/05/16 v1.4 Define keys (HO)

(c:/texlive/2018/texmf-dist/tex/generic/oberdiek/ltxcmds.sty
Package: ltxcmds 2016/05/16 v1.23 LaTeX kernel commands for general use (HO)
)))
(c:/texlive/2018/texmf-dist/tex/latex/oberdiek/kvoptions.sty
Package: kvoptions 2016/05/16 v3.12 Key value format for package options (HO)

(c:/texlive/2018/texmf-dist/tex/generic/oberdiek/kvsetkeys.sty
Package: kvsetkeys 2016/05/16 v1.17 Key value parser (HO)

(c:/texlive/2018/texmf-dist/tex/generic/oberdiek/etexcmds.sty
Package: etexcmds 2016/05/16 v1.6 Avoid name clashes with e-TeX commands (HO)

(c:/texlive/2018/texmf-dist/tex/generic/oberdiek/ifluatex.sty
Package: ifluatex 2016/05/16 v1.4 Provides the ifluatex switch (HO)
Package ifluatex Info: LuaTeX not detected.
)
Package etexcmds Info: Could not find \expanded.
(etexcmds)             That can mean that you are not using pdfTeX 1.50 or
(etexcmds)             that some package has redefined \expanded.
(etexcmds)             In the latter case, load this package earlier.
)))
(c:/texlive/2018/texmf-dist/tex/generic/oberdiek/pdftexcmds.sty
Package: pdftexcmds 2018/01/30 v0.27 Utility functions of pdfTeX for LuaTeX (HO
)

(c:/texlive/2018/texmf-dist/tex/generic/oberdiek/ifpdf.sty
Package: ifpdf 2017/03/15 v3.2 Provides the ifpdf switch
)
Package pdftexcmds Info: LuaTeX not detected.
Package pdftexcmds Info: \pdf@primitive is available.
Package pdftexcmds Info: \pdf@ifprimitive is available.
Package pdftexcmds Info: \pdfdraftmode found.
)
Package epstopdf-base Info: Redefining graphics rule for `.eps' on input line 4
38.
Package grfext Info: Graphics extension search list:
(grfext)             [.pdf,.png,.jpg,.mps,.jpeg,.jbig2,.jb2,.PDF,.PNG,.JPG,.JPE
G,.JBIG2,.JB2,.eps]
(grfext)             \AppendGraphicsExtensions on input line 456.

(c:/texlive/2018/texmf-dist/tex/latex/latexconfig/epstopdf-sys.cfg
File: epstopdf-sys.cfg 2010/07/13 v1.3 Configuration of (r)epstopdf for TeX Liv
e
))
LaTeX Font Info:    External font `cmex10' loaded for size
(Font)              <12> on input line 10.
LaTeX Font Info:    External font `cmex10' loaded for size
(Font)              <8> on input line 10.
LaTeX Font Info:    External font `cmex10' loaded for size
(Font)              <6> on input line 10.
LaTeX Font Info:    External font `cmex10' loaded for size
(Font)              <7> on input line 36.
LaTeX Font Info:    External font `cmex10' loaded for size
(Font)              <5> on input line 36.

Underfull \hbox (badness 10000) in paragraph at lines 24--60

 []

[1

{c:/texlive/2018/texmf-var/fonts/map/pdftex/updmap/pdftex.map}]
<clearPitWhieBox.png, id=12, 624.08156pt x 292.09125pt>
File: clearPitWhieBox.png Graphic file (type png)
<use clearPitWhieBox.png>
Package pdftex.def Info: clearPitWhieBox.png  used on input line 62.
(pdftex.def)             Requested size: 374.45183pt x 175.25609pt.
<distributeWhiteBox.png, id=13, 634.62094pt x 289.83281pt>
File: distributeWhiteBox.png Graphic file (type png)
<use distributeWhiteBox.png>
Package pdftex.def Info: distributeWhiteBox.png  used on input line 66.
(pdftex.def)             Requested size: 380.7755pt x 173.90102pt.
<findWinnerWhiteBox.png, id=14, 638.385pt x 49.68562pt>
File: findWinnerWhiteBox.png Graphic file (type png)
<use findWinnerWhiteBox.png>
Package pdftex.def Info: findWinnerWhiteBox.png  used on input line 70.
(pdftex.def)             Requested size: 383.03394pt x 29.8116pt.
<isGameOverWhiteBox.png, id=15, 638.385pt x 94.85437pt>
File: isGameOverWhiteBox.png Graphic file (type png)
<use isGameOverWhiteBox.png>
Package pdftex.def Info: isGameOverWhiteBox.png  used on input line 74.
(pdftex.def)             Requested size: 383.03394pt x 56.91304pt.
<isHomeWhiteBox.png, id=16, 610.53094pt x 142.28156pt>
File: isHomeWhiteBox.png Graphic file (type png)
<use isHomeWhiteBox.png>
Package pdftex.def Info: isHomeWhiteBox.png  used on input line 78.
(pdftex.def)             Requested size: 366.3214pt x 85.36958pt.
<getMoveWhiteBox.png, id=17, 542.025pt x 206.7725pt>
File: getMoveWhiteBox.png Graphic file (type png)
<use getMoveWhiteBox.png>
Package pdftex.def Info: getMoveWhiteBox.png  used on input line 82.
(pdftex.def)             Requested size: 271.01183pt x 103.38599pt.
<emptyPitWhiteBox.png, id=19, 752.0597pt x 173.14688pt>
File: emptyPitWhiteBox.png Graphic file (type png)
<use emptyPitWhiteBox.png>
Package pdftex.def Info: emptyPitWhiteBox.png  used on input line 86.
(pdftex.def)             Requested size: 451.2393pt x 103.88892pt.
<reverseNumbersWhiteBox.png, id=20, 665.48625pt x 81.30376pt>
File: reverseNumbersWhiteBox.png Graphic file (type png)
<use reverseNumbersWhiteBox.png>
Package pdftex.def Info: reverseNumbersWhiteBox.png  used on input line 90.
(pdftex.def)             Requested size: 399.29483pt x 48.78261pt.
<pitEmptyWhiteBox.png, id=21, 624.08156pt x 48.18pt>
File: pitEmptyWhiteBox.png Graphic file (type png)
<use pitEmptyWhiteBox.png>
Package pdftex.def Info: pitEmptyWhiteBox.png  used on input line 94.
(pdftex.def)             Requested size: 374.45183pt x 28.9082pt.

Overfull \hbox (29.45183pt too wide) in paragraph at lines 61--96
[] 
 []


Overfull \hbox (35.7755pt too wide) in paragraph at lines 61--96
[] 
 []


Overfull \hbox (38.03394pt too wide) in paragraph at lines 61--96
[] 
 []


Overfull \hbox (38.03394pt too wide) in paragraph at lines 61--96
[] 
 []


Overfull \hbox (21.3214pt too wide) in paragraph at lines 61--96
[] 
 []


Overfull \hbox (106.2393pt too wide) in paragraph at lines 61--96
[] 
 []


Overfull \hbox (54.29483pt too wide) in paragraph at lines 61--96
[] 
 []


Overfull \hbox (29.45183pt too wide) in paragraph at lines 61--96
[] 
 []


Underfull \hbox (badness 10000) in paragraph at lines 61--96

 []

[2 <./clearPitWhieBox.png>] [3 <./distributeWhiteBox.png> <./findWinnerWhiteBox
.png> <./isGameOverWhiteBox.png> <./isHomeWhiteBox.png> <./getMoveWhiteBox.png>
] [4 <./emptyPitWhiteBox.png> <./reverseNumbersWhiteBox.png> <./pitEmptyWhiteBo
x.png>]
Overfull \hbox (48.74657pt too wide) in paragraph at lines 386--386
[]  \OT1/cmtt/m/n/10 let c = l.[p+1..] //if p = 0 && b = 1 => playerhome + zero
 pit + obs pit.[] 
 []


Overfull \hbox (1.49698pt too wide) in paragraph at lines 386--386
[]  \OT1/cmtt/m/n/10 if ((l.[p]=0) && (b = 1) && (not (p = 0)) && (not (p = 7))
) then[] 
 []

[5]
Overfull \hbox (321.74419pt too wide) in paragraph at lines 386--386
[]\OT1/cmtt/m/n/10 let printBoard(b: board): unit = //For printing the board a 
variation of the Maurits-printing-metoed seen in previus assigment.[] 
 []


Overfull \hbox (1418.98462pt too wide) in paragraph at lines 386--386
[]  \OT1/cmtt/m/n/10 printfn "\n    1   2   3   4   5   6\n           <--      
   \n    %i | %i | %i | %i | %i | %i\n %i          Awari          %i\n    %i | 
%i | %i | %i | %i | %i\n" (b.Item(6)) (b.Item(5)) (b.Item(4)) (b.Item(3)) (b.It
em(2)) (b.Item(1)) (b.Item(7)) (b.Item(0)) (b.Item(8)) (b.Item(9)) (b.Item(10))
 (b.Item(11)) (b.Item(12)) (b.Item(13))[] 
 []


Overfull \hbox (106.49606pt too wide) in paragraph at lines 386--386
[]    \OT1/cmtt/m/n/10 sprintf "Player 1 won with %i points, while Player 2 had
 %i" player1Pit player2Pit[] 
 []


Overfull \hbox (106.49606pt too wide) in paragraph at lines 386--386
[]    \OT1/cmtt/m/n/10 sprintf "Player 2 won with %i points, while Player 1 had
 %i" player2Pit player1Pit[] 
 []


Overfull \hbox (90.7462pt too wide) in paragraph at lines 386--386
[]  \OT1/cmtt/m/n/10 else sprintf "Both players are drawn with a score of %i:%i
!"player1Pit player2Pit[] 
 []


Overfull \hbox (17.24684pt too wide) in paragraph at lines 386--386
[]    \OT1/cmtt/m/n/10 let player2gameover = List.forall (fun elem -> elem = 0)
 b.[1..6][] 
 []


Overfull \hbox (22.4968pt too wide) in paragraph at lines 386--386
[]    \OT1/cmtt/m/n/10 let player1gameover = List.forall (fun elem -> elem = 0)
 b.[8..13][] 
 []

[6]
Overfull \hbox (442.49313pt too wide) in paragraph at lines 386--386
[]    \OT1/cmtt/m/n/10 // Plyayer 1's hjem er det f^^\rste elem (kan ogs^^Wa ud
regnes som 0) men det samme som halvdelen af boardets l^^Zngde minus halvdelen 
af boardets l^^Zngde[] 
 []


Overfull \hbox (206.2452pt too wide) in paragraph at lines 386--386
[]    \OT1/cmtt/m/n/10 // Player 2's hjem kan udregnes ved at halvere boardets 
l^^Zngde (kan ogs^^Wa bare laves som halfBoardLen)[] 
 []


Overfull \hbox (169.49551pt too wide) in paragraph at lines 386--386
[]\OT1/cmtt/m/n/10 let CreateNewBoardFromHitEmptyPit (board : board) (pit1 : pi
t) (pit2 : pit) (p : player) : board =[] 
 []

[7]
Overfull \hbox (11.99689pt too wide) in paragraph at lines 386--386
[]    \OT1/cmtt/m/n/10 let newBoard = CreateNewBoardFromHitEmptyPit b player1 p
layer2 p[] 
 []


Overfull \hbox (38.24666pt too wide) in paragraph at lines 386--386
[]\OT1/cmtt/m/n/10 //Checks if a pit is epmty. If so returns -1, else retuns th
e object pit.[] 
 []


Overfull \hbox (190.49533pt too wide) in paragraph at lines 386--386
[]\OT1/cmtt/m/n/10 //Since the board list goes the reveresd of the numbers play
er one uses, the numbers are matched here.[] 
 []


Overfull \hbox (90.7462pt too wide) in paragraph at lines 386--386
[]  \OT1/cmtt/m/n/10 | _ -> -1 //Added to make the compiler stop complaing abou
t unmatched exceptions.[] 
 []

[8]
Overfull \hbox (169.49551pt too wide) in paragraph at lines 386--386
[]        \OT1/cmtt/m/n/10 | Player1     -> pitEmpty b (reverseNumbers(snd(user
Int))) ((b.Length / 2) - abs pitValue)[] 
 []


Overfull \hbox (95.99615pt too wide) in paragraph at lines 386--386
[]        \OT1/cmtt/m/n/10 | Player2     -> pitEmpty b (snd(userInt)+7) ((b.Len
gth / 2) + abs pitValue)[] 
 []


Overfull \hbox (17.24684pt too wide) in paragraph at lines 386--386
[]  \OT1/cmtt/m/n/10 let rec repeat (b: board) (p: player) (n: int) (t : bool) 
: board =[] 
 []


Overfull \hbox (463.49295pt too wide) in paragraph at lines 386--386
[]          \OT1/cmtt/m/n/10 sprintf "Invalid user input, please select number 
between 1 - 6, and be sure that there is one or more beans in the pit. \nPlayer
 %A's move? " p[] 
 []


Overfull \hbox (384.74364pt too wide) in paragraph at lines 386--386
[]          \OT1/cmtt/m/n/10 sprintf "Invalid user input, please select number 
between 1 - 6, and be sure that there is one or more beans in the pit.\nAgain?"
[] 
 []


Overfull \hbox (1.49698pt too wide) in paragraph at lines 386--386
[]      \OT1/cmtt/m/n/10 if(i = 13) then //If play2 selects last index in board
 list.[] 
 []


Overfull \hbox (27.74675pt too wide) in paragraph at lines 386--386
[]        \OT1/cmtt/m/n/10 let (newB, finalPit) = (distribute (clearPit b i) (0
) ( b.[i]))[] 
 []


Overfull \hbox (38.24666pt too wide) in paragraph at lines 386--386
[]        \OT1/cmtt/m/n/10 printfn "finalpit: %i\nb.[finalpit]: %i" finalPit ne
wB.[finalPit][] 
 []

[9]
Overfull \hbox (32.9967pt too wide) in paragraph at lines 386--386
[]        \OT1/cmtt/m/n/10 let (newB, finalPit) = (distribute (clearPit b i) (1
+i) (b.[i]))[] 
 []


Overfull \hbox (38.24666pt too wide) in paragraph at lines 386--386
[]        \OT1/cmtt/m/n/10 printfn "finalpit: %i\nb.[finalpit]: %i" finalPit ne
wB.[finalPit][] 
 []

[10] (./7gRapport.aux) ) 
Here is how much of TeX's memory you used:
 1502 strings out of 492642
 21904 string characters out of 6133163
 87973 words of memory out of 5000000
 5385 multiletter control sequences out of 15000+600000
 7756 words of font info for 28 fonts, out of 8000000 for 9000
 1141 hyphenation exceptions out of 8191
 41i,6n,25p,352b,249s stack positions out of 5000i,500n,10000p,200000b,80000s
<c:/texlive/2018/texmf-dist/fonts/type1/public/amsfonts
/cm/cmbx10.pfb><c:/texlive/2018/texmf-dist/fonts/type1/public/amsfonts/cm/cmbx1
2.pfb><c:/texlive/2018/texmf-dist/fonts/type1/public/amsfonts/cm/cmr10.pfb><c:/
texlive/2018/texmf-dist/fonts/type1/public/amsfonts/cm/cmr12.pfb><c:/texlive/20
18/texmf-dist/fonts/type1/public/amsfonts/cm/cmr17.pfb><c:/texlive/2018/texmf-d
ist/fonts/type1/public/amsfonts/cm/cmsy10.pfb><c:/texlive/2018/texmf-dist/fonts
/type1/public/amsfonts/cm/cmtt10.pfb>
Output written on 7gRapport.pdf (10 pages, 191009 bytes).
PDF statistics:
 76 PDF objects out of 1000 (max. 8388607)
 46 compressed objects within 1 object stream
 0 named destinations out of 1000 (max. 500000)
 46 words of extra memory for PDF output out of 10000 (max. 10000000)

